2025-12-05 23:13:28 | INFO     | ================================================================================
2025-12-05 23:13:28 | INFO     | Avvio esperimento IMCU Fase 2 (coorte persistente): imcu_fase2_2014-02-01_08-20
2025-12-05 23:13:28 | INFO     | ================================================================================
2025-12-05 23:13:28 | INFO     | Avvio simulazione: 2025-12-05T23:13:28.516100
2025-12-05 23:13:28 | INFO     | Configurazione verificata con successo.
2025-12-05 23:13:28 | INFO     | Seed casuale globale impostato: 42
2025-12-05 23:13:28 | INFO     | Caricamento DataManagerRational da: /Users/salvatorevigano/Documents/MCS_Thesis/dati/taxi_february.txt
2025-12-05 23:13:28 | INFO     | Partizioni dati già presenti, fase di parsing saltata.
2025-12-05 23:13:28 | INFO     | ================================================================================
2025-12-05 23:13:28 | INFO     | Creazione coorte persistente di utenti
2025-12-05 23:13:28 | INFO     | Finestra temporale: H08 - H20
2025-12-05 23:13:28 | INFO     | Dimensione coorte desiderata: 316 utenti
2025-12-05 23:13:28 | INFO     | ================================================================================
2025-12-05 23:13:28 | INFO     | Coorte persistente creata: 138 utenti attivi.
2025-12-05 23:13:28 | INFO     | Distribuzione dei profili nella coorte:
2025-12-05 23:13:28 | INFO     |   Quasi-Rational                    40 ( 29.0%)
2025-12-05 23:13:28 | INFO     |   Bounded Honest                    30 ( 21.7%)
2025-12-05 23:13:28 | INFO     |   Bounded Moderate                  40 ( 29.0%)
2025-12-05 23:13:28 | INFO     |   Bounded Opportunistic             28 ( 20.3%)
2025-12-05 23:13:28 | INFO     | ================================================================================
2025-12-05 23:13:28 | INFO     | Inizio loop orario su 12 ore con coorte persistente...
2025-12-05 23:13:28 | INFO     | ================================================================================
2025-12-05 23:13:28 | INFO     | [2014-02-01 H08] Avvio simulazione oraria Fase 2 (coorte persistente)
2025-12-05 23:13:28 | INFO     | 
======================================================================
2025-12-05 23:13:28 | INFO     | [STEP 1] Generazione task per l'ora H08
2025-12-05 23:13:28 | INFO     |   Task generati: 475
2025-12-05 23:13:28 | INFO     |   Valore task: min=2.71, max=10.91, media=4.53
2025-12-05 23:13:28 | INFO     |   Valore totale task disponibili: 2153.46 euro
2025-12-05 23:13:28 | INFO     | ======================================================================

2025-12-05 23:13:29 | INFO     |   Utenti con almeno un task selezionato (post-FFT): 133 su 138
2025-12-05 23:13:29 | INFO     | [STEP 3] Risultati asta (ex-ante) H08
2025-12-05 23:13:29 | INFO     |   Vincitori: 54
2025-12-05 23:13:29 | INFO     |   Valore meccanismo v_mech: 1082.49 euro
2025-12-05 23:13:29 | INFO     |   Pagamenti totali sumP: 696.69 euro
2025-12-05 23:13:29 | INFO     |   Utilità piattaforma u0_mech: 385.80 euro
2025-12-05 23:13:29 | INFO     | [STEP 4] Analisi azzardo morale H08
2025-12-05 23:13:29 | INFO     |   Defezioni totali (reali): 6 su 54 vincitori
2025-12-05 23:13:29 | INFO     |   Defezioni rilevate (sanzionate): 4 su 54 vincitori
2025-12-05 23:13:29 | INFO     | [2014-02-01 H08] Valore effettivo v_eff = 976.85 euro, completamenti reali = 48/54
2025-12-05 23:13:29 | INFO     | [2014-02-01 H09] Avvio simulazione oraria Fase 2 (coorte persistente)
2025-12-05 23:13:29 | INFO     | 
======================================================================
2025-12-05 23:13:29 | INFO     | [STEP 1] Generazione task per l'ora H09
2025-12-05 23:13:29 | INFO     |   Task generati: 406
2025-12-05 23:13:29 | INFO     |   Valore task: min=2.71, max=10.76, media=4.87
2025-12-05 23:13:29 | INFO     |   Valore totale task disponibili: 1978.74 euro
2025-12-05 23:13:29 | INFO     | ======================================================================

2025-12-05 23:13:29 | INFO     |   Utenti con almeno un task selezionato (post-FFT): 133 su 138
2025-12-05 23:13:29 | INFO     | [STEP 3] Risultati asta (ex-ante) H09
2025-12-05 23:13:29 | INFO     |   Vincitori: 52
2025-12-05 23:13:29 | INFO     |   Valore meccanismo v_mech: 1072.96 euro
2025-12-05 23:13:29 | INFO     |   Pagamenti totali sumP: 591.56 euro
2025-12-05 23:13:29 | INFO     |   Utilità piattaforma u0_mech: 481.40 euro
2025-12-05 23:13:29 | INFO     | [STEP 4] Analisi azzardo morale H09
2025-12-05 23:13:29 | INFO     |   Defezioni totali (reali): 3 su 52 vincitori
2025-12-05 23:13:29 | INFO     |   Defezioni rilevate (sanzionate): 2 su 52 vincitori
2025-12-05 23:13:29 | INFO     | [2014-02-01 H09] Valore effettivo v_eff = 1029.27 euro, completamenti reali = 49/52
2025-12-05 23:13:29 | INFO     | [2014-02-01 H10] Avvio simulazione oraria Fase 2 (coorte persistente)
2025-12-05 23:13:29 | INFO     | 
======================================================================
2025-12-05 23:13:29 | INFO     | [STEP 1] Generazione task per l'ora H10
2025-12-05 23:13:29 | INFO     |   Task generati: 395
2025-12-05 23:13:29 | INFO     |   Valore task: min=2.71, max=10.86, media=4.99
2025-12-05 23:13:29 | INFO     |   Valore totale task disponibili: 1971.06 euro
2025-12-05 23:13:29 | INFO     | ======================================================================

2025-12-05 23:13:29 | INFO     |   Utenti con almeno un task selezionato (post-FFT): 126 su 138
2025-12-05 23:13:29 | INFO     | [STEP 3] Risultati asta (ex-ante) H10
2025-12-05 23:13:29 | INFO     |   Vincitori: 46
2025-12-05 23:13:29 | INFO     |   Valore meccanismo v_mech: 1027.32 euro
2025-12-05 23:13:29 | INFO     |   Pagamenti totali sumP: 637.30 euro
2025-12-05 23:13:29 | INFO     |   Utilità piattaforma u0_mech: 390.03 euro
2025-12-05 23:13:29 | INFO     | [STEP 4] Analisi azzardo morale H10
2025-12-05 23:13:29 | INFO     |   Defezioni totali (reali): 7 su 46 vincitori
2025-12-05 23:13:29 | INFO     |   Defezioni rilevate (sanzionate): 4 su 46 vincitori
2025-12-05 23:13:29 | INFO     | [2014-02-01 H10] Valore effettivo v_eff = 901.67 euro, completamenti reali = 39/46
2025-12-05 23:13:29 | INFO     | [2014-02-01 H11] Avvio simulazione oraria Fase 2 (coorte persistente)
2025-12-05 23:13:29 | INFO     | 
======================================================================
2025-12-05 23:13:29 | INFO     | [STEP 1] Generazione task per l'ora H11
2025-12-05 23:13:29 | INFO     |   Task generati: 391
2025-12-05 23:13:29 | INFO     |   Valore task: min=2.71, max=10.60, media=4.97
2025-12-05 23:13:29 | INFO     |   Valore totale task disponibili: 1943.66 euro
2025-12-05 23:13:29 | INFO     | ======================================================================

2025-12-05 23:13:30 | INFO     |   Utenti con almeno un task selezionato (post-FFT): 126 su 138
2025-12-05 23:13:30 | INFO     | [STEP 3] Risultati asta (ex-ante) H11
2025-12-05 23:13:30 | INFO     |   Vincitori: 49
2025-12-05 23:13:30 | INFO     |   Valore meccanismo v_mech: 1018.59 euro
2025-12-05 23:13:30 | INFO     |   Pagamenti totali sumP: 599.05 euro
2025-12-05 23:13:30 | INFO     |   Utilità piattaforma u0_mech: 419.55 euro
2025-12-05 23:13:30 | INFO     | [STEP 4] Analisi azzardo morale H11
2025-12-05 23:13:30 | INFO     |   Defezioni totali (reali): 7 su 49 vincitori
2025-12-05 23:13:30 | INFO     |   Defezioni rilevate (sanzionate): 2 su 49 vincitori
2025-12-05 23:13:30 | INFO     | [2014-02-01 H11] Valore effettivo v_eff = 883.09 euro, completamenti reali = 42/49
2025-12-05 23:13:30 | INFO     | [2014-02-01 H12] Avvio simulazione oraria Fase 2 (coorte persistente)
2025-12-05 23:13:30 | INFO     | 
======================================================================
2025-12-05 23:13:30 | INFO     | [STEP 1] Generazione task per l'ora H12
2025-12-05 23:13:30 | INFO     |   Task generati: 463
2025-12-05 23:13:30 | INFO     |   Valore task: min=2.71, max=10.58, media=4.73
2025-12-05 23:13:30 | INFO     |   Valore totale task disponibili: 2191.79 euro
2025-12-05 23:13:30 | INFO     | ======================================================================

2025-12-05 23:13:30 | INFO     |   Utenti con almeno un task selezionato (post-FFT): 131 su 138
2025-12-05 23:13:30 | INFO     | [STEP 3] Risultati asta (ex-ante) H12
2025-12-05 23:13:30 | INFO     |   Vincitori: 51
2025-12-05 23:13:30 | INFO     |   Valore meccanismo v_mech: 1111.40 euro
2025-12-05 23:13:30 | INFO     |   Pagamenti totali sumP: 655.32 euro
2025-12-05 23:13:30 | INFO     |   Utilità piattaforma u0_mech: 456.08 euro
2025-12-05 23:13:30 | INFO     | [STEP 4] Analisi azzardo morale H12
2025-12-05 23:13:30 | INFO     |   Defezioni totali (reali): 9 su 51 vincitori
2025-12-05 23:13:30 | INFO     |   Defezioni rilevate (sanzionate): 5 su 51 vincitori
2025-12-05 23:13:30 | INFO     | [2014-02-01 H12] Valore effettivo v_eff = 979.72 euro, completamenti reali = 42/51
2025-12-05 23:13:30 | INFO     | [2014-02-01 H13] Avvio simulazione oraria Fase 2 (coorte persistente)
2025-12-05 23:13:30 | INFO     | 
======================================================================
2025-12-05 23:13:30 | INFO     | [STEP 1] Generazione task per l'ora H13
2025-12-05 23:13:30 | INFO     |   Task generati: 735
2025-12-05 23:13:30 | INFO     |   Valore task: min=2.71, max=10.38, media=4.47
2025-12-05 23:13:30 | INFO     |   Valore totale task disponibili: 3286.42 euro
2025-12-05 23:13:30 | INFO     | ======================================================================

2025-12-05 23:13:30 | INFO     |   Utenti con almeno un task selezionato (post-FFT): 135 su 138
2025-12-05 23:13:31 | INFO     | [STEP 3] Risultati asta (ex-ante) H13
2025-12-05 23:13:31 | INFO     |   Vincitori: 62
2025-12-05 23:13:31 | INFO     |   Valore meccanismo v_mech: 1264.06 euro
2025-12-05 23:13:31 | INFO     |   Pagamenti totali sumP: 804.23 euro
2025-12-05 23:13:31 | INFO     |   Utilità piattaforma u0_mech: 459.82 euro
2025-12-05 23:13:31 | INFO     | [STEP 4] Analisi azzardo morale H13
2025-12-05 23:13:31 | INFO     |   Defezioni totali (reali): 6 su 62 vincitori
2025-12-05 23:13:31 | INFO     |   Defezioni rilevate (sanzionate): 3 su 62 vincitori
2025-12-05 23:13:31 | INFO     | [2014-02-01 H13] Valore effettivo v_eff = 1153.49 euro, completamenti reali = 56/62
2025-12-05 23:13:31 | INFO     | [2014-02-01 H14] Avvio simulazione oraria Fase 2 (coorte persistente)
2025-12-05 23:13:31 | INFO     | 
======================================================================
2025-12-05 23:13:31 | INFO     | [STEP 1] Generazione task per l'ora H14
2025-12-05 23:13:31 | INFO     |   Task generati: 537
2025-12-05 23:13:31 | INFO     |   Valore task: min=2.71, max=10.10, media=4.58
2025-12-05 23:13:31 | INFO     |   Valore totale task disponibili: 2460.13 euro
2025-12-05 23:13:31 | INFO     | ======================================================================

2025-12-05 23:13:31 | INFO     |   Utenti con almeno un task selezionato (post-FFT): 136 su 138
2025-12-05 23:13:31 | INFO     | [STEP 3] Risultati asta (ex-ante) H14
2025-12-05 23:13:31 | INFO     |   Vincitori: 57
2025-12-05 23:13:31 | INFO     |   Valore meccanismo v_mech: 1250.94 euro
2025-12-05 23:13:31 | INFO     |   Pagamenti totali sumP: 782.72 euro
2025-12-05 23:13:31 | INFO     |   Utilità piattaforma u0_mech: 468.23 euro
2025-12-05 23:13:31 | INFO     | [STEP 4] Analisi azzardo morale H14
2025-12-05 23:13:31 | INFO     |   Defezioni totali (reali): 8 su 57 vincitori
2025-12-05 23:13:31 | INFO     |   Defezioni rilevate (sanzionate): 3 su 57 vincitori
2025-12-05 23:13:31 | INFO     | [2014-02-01 H14] Valore effettivo v_eff = 1086.21 euro, completamenti reali = 49/57
2025-12-05 23:13:31 | INFO     | [2014-02-01 H15] Avvio simulazione oraria Fase 2 (coorte persistente)
2025-12-05 23:13:31 | INFO     | 
======================================================================
2025-12-05 23:13:31 | INFO     | [STEP 1] Generazione task per l'ora H15
2025-12-05 23:13:31 | INFO     |   Task generati: 460
2025-12-05 23:13:31 | INFO     |   Valore task: min=2.71, max=9.98, media=4.60
2025-12-05 23:13:31 | INFO     |   Valore totale task disponibili: 2118.17 euro
2025-12-05 23:13:31 | INFO     | ======================================================================

2025-12-05 23:13:31 | INFO     |   Utenti con almeno un task selezionato (post-FFT): 133 su 138
2025-12-05 23:13:31 | INFO     | [STEP 3] Risultati asta (ex-ante) H15
2025-12-05 23:13:31 | INFO     |   Vincitori: 56
2025-12-05 23:13:31 | INFO     |   Valore meccanismo v_mech: 1155.33 euro
2025-12-05 23:13:31 | INFO     |   Pagamenti totali sumP: 687.67 euro
2025-12-05 23:13:31 | INFO     |   Utilità piattaforma u0_mech: 467.66 euro
2025-12-05 23:13:31 | INFO     | [STEP 4] Analisi azzardo morale H15
2025-12-05 23:13:31 | INFO     |   Defezioni totali (reali): 5 su 56 vincitori
2025-12-05 23:13:31 | INFO     |   Defezioni rilevate (sanzionate): 2 su 56 vincitori
2025-12-05 23:13:31 | INFO     | [2014-02-01 H15] Valore effettivo v_eff = 1064.74 euro, completamenti reali = 51/56
2025-12-05 23:13:31 | INFO     | [2014-02-01 H16] Avvio simulazione oraria Fase 2 (coorte persistente)
2025-12-05 23:13:31 | INFO     | 
======================================================================
2025-12-05 23:13:31 | INFO     | [STEP 1] Generazione task per l'ora H16
2025-12-05 23:13:31 | INFO     |   Task generati: 584
2025-12-05 23:13:31 | INFO     |   Valore task: min=2.71, max=10.53, media=4.57
2025-12-05 23:13:31 | INFO     |   Valore totale task disponibili: 2671.24 euro
2025-12-05 23:13:31 | INFO     | ======================================================================

2025-12-05 23:13:31 | INFO     |   Utenti con almeno un task selezionato (post-FFT): 135 su 138
2025-12-05 23:13:32 | INFO     | [STEP 3] Risultati asta (ex-ante) H16
2025-12-05 23:13:32 | INFO     |   Vincitori: 52
2025-12-05 23:13:32 | INFO     |   Valore meccanismo v_mech: 1082.86 euro
2025-12-05 23:13:32 | INFO     |   Pagamenti totali sumP: 691.08 euro
2025-12-05 23:13:32 | INFO     |   Utilità piattaforma u0_mech: 391.78 euro
2025-12-05 23:13:32 | INFO     | [STEP 4] Analisi azzardo morale H16
2025-12-05 23:13:32 | INFO     |   Defezioni totali (reali): 9 su 52 vincitori
2025-12-05 23:13:32 | INFO     |   Defezioni rilevate (sanzionate): 3 su 52 vincitori
2025-12-05 23:13:32 | INFO     | [2014-02-01 H16] Valore effettivo v_eff = 941.09 euro, completamenti reali = 43/52
2025-12-05 23:13:32 | INFO     | [2014-02-01 H17] Avvio simulazione oraria Fase 2 (coorte persistente)
2025-12-05 23:13:32 | INFO     | 
======================================================================
2025-12-05 23:13:32 | INFO     | [STEP 1] Generazione task per l'ora H17
2025-12-05 23:13:32 | INFO     |   Task generati: 395
2025-12-05 23:13:32 | INFO     |   Valore task: min=2.71, max=11.09, media=4.97
2025-12-05 23:13:32 | INFO     |   Valore totale task disponibili: 1964.55 euro
2025-12-05 23:13:32 | INFO     | ======================================================================

2025-12-05 23:13:32 | INFO     |   Utenti con almeno un task selezionato (post-FFT): 131 su 138
2025-12-05 23:13:32 | INFO     | [STEP 3] Risultati asta (ex-ante) H17
2025-12-05 23:13:32 | INFO     |   Vincitori: 45
2025-12-05 23:13:32 | INFO     |   Valore meccanismo v_mech: 982.24 euro
2025-12-05 23:13:32 | INFO     |   Pagamenti totali sumP: 565.02 euro
2025-12-05 23:13:32 | INFO     |   Utilità piattaforma u0_mech: 417.22 euro
2025-12-05 23:13:32 | INFO     | [STEP 4] Analisi azzardo morale H17
2025-12-05 23:13:32 | INFO     |   Defezioni totali (reali): 6 su 45 vincitori
2025-12-05 23:13:32 | INFO     |   Defezioni rilevate (sanzionate): 3 su 45 vincitori
2025-12-05 23:13:32 | INFO     | [2014-02-01 H17] Valore effettivo v_eff = 860.77 euro, completamenti reali = 39/45
2025-12-05 23:13:32 | INFO     | [2014-02-01 H18] Avvio simulazione oraria Fase 2 (coorte persistente)
2025-12-05 23:13:32 | INFO     | 
======================================================================
2025-12-05 23:13:32 | INFO     | [STEP 1] Generazione task per l'ora H18
2025-12-05 23:13:32 | INFO     |   Task generati: 388
2025-12-05 23:13:32 | INFO     |   Valore task: min=2.71, max=10.75, media=5.14
2025-12-05 23:13:32 | INFO     |   Valore totale task disponibili: 1992.65 euro
2025-12-05 23:13:32 | INFO     | ======================================================================

2025-12-05 23:13:32 | INFO     |   Utenti con almeno un task selezionato (post-FFT): 128 su 138
2025-12-05 23:13:32 | INFO     | [STEP 3] Risultati asta (ex-ante) H18
2025-12-05 23:13:32 | INFO     |   Vincitori: 45
2025-12-05 23:13:32 | INFO     |   Valore meccanismo v_mech: 1040.60 euro
2025-12-05 23:13:32 | INFO     |   Pagamenti totali sumP: 603.36 euro
2025-12-05 23:13:32 | INFO     |   Utilità piattaforma u0_mech: 437.24 euro
2025-12-05 23:13:32 | INFO     | [STEP 4] Analisi azzardo morale H18
2025-12-05 23:13:32 | INFO     |   Defezioni totali (reali): 6 su 45 vincitori
2025-12-05 23:13:32 | INFO     |   Defezioni rilevate (sanzionate): 3 su 45 vincitori
2025-12-05 23:13:32 | INFO     | [2014-02-01 H18] Valore effettivo v_eff = 917.52 euro, completamenti reali = 39/45
2025-12-05 23:13:32 | INFO     | [2014-02-01 H19] Avvio simulazione oraria Fase 2 (coorte persistente)
2025-12-05 23:13:32 | INFO     | 
======================================================================
2025-12-05 23:13:32 | INFO     | [STEP 1] Generazione task per l'ora H19
2025-12-05 23:13:32 | INFO     |   Task generati: 330
2025-12-05 23:13:32 | INFO     |   Valore task: min=2.71, max=11.37, media=5.34
2025-12-05 23:13:32 | INFO     |   Valore totale task disponibili: 1760.75 euro
2025-12-05 23:13:32 | INFO     | ======================================================================

2025-12-05 23:13:32 | INFO     |   Utenti con almeno un task selezionato (post-FFT): 125 su 138
2025-12-05 23:13:33 | INFO     | [STEP 3] Risultati asta (ex-ante) H19
2025-12-05 23:13:33 | INFO     |   Vincitori: 47
2025-12-05 23:13:33 | INFO     |   Valore meccanismo v_mech: 1084.08 euro
2025-12-05 23:13:33 | INFO     |   Pagamenti totali sumP: 642.36 euro
2025-12-05 23:13:33 | INFO     |   Utilità piattaforma u0_mech: 441.72 euro
2025-12-05 23:13:33 | INFO     | [STEP 4] Analisi azzardo morale H19
2025-12-05 23:13:33 | INFO     |   Defezioni totali (reali): 4 su 47 vincitori
2025-12-05 23:13:33 | INFO     |   Defezioni rilevate (sanzionate): 1 su 47 vincitori
2025-12-05 23:13:33 | INFO     | [2014-02-01 H19] Valore effettivo v_eff = 1012.38 euro, completamenti reali = 43/47
2025-12-05 23:13:33 | INFO     | Simulazioni orarie completate: 12/12 ore valide.
2025-12-05 23:13:33 | INFO     | Aggregazione risultati e generazione degli output CSV...
2025-12-05 23:13:33 | INFO     | Generazione delle visualizzazioni per la Fase 2...
2025-12-05 23:13:33 | INFO     | Grafici Fase 2 generati in: /Users/salvatorevigano/Documents/MCS_Thesis/Fase_2/esperimenti_fase2_mixed/giorno_2014-02-01_fase2/grafici
2025-12-05 23:13:33 | INFO     | Report riepilogativo Fase 2 salvato in: /Users/salvatorevigano/Documents/MCS_Thesis/Fase_2/esperimenti_fase2_mixed/giorno_2014-02-01_fase2/2014-02-01_REPORT_RIEPILOGATIVO_FASE2.txt
2025-12-05 23:13:34 | INFO     | ================================================================================
2025-12-05 23:13:34 | INFO     | Esperimento completato in 5.3 secondi complessivi
2025-12-05 23:13:34 | INFO     | Output salvati nella directory: /Users/salvatorevigano/Documents/MCS_Thesis/Fase_2/esperimenti_fase2_mixed/giorno_2014-02-01_fase2
2025-12-05 23:13:34 | INFO     | ================================================================================
