2025-12-05 22:54:10 | INFO     | ================================================================================
2025-12-05 22:54:10 | INFO     | Esperimento IMCU Fase 1: imcu_fase1_2014-02-01_08-20
2025-12-05 22:54:10 | INFO     | ================================================================================
2025-12-05 22:54:10 | INFO     | Avvio: 2025-12-05T22:54:10.142742
2025-12-05 22:54:10 | INFO     | Parametri allineamento paper IMCU:
2025-12-05 22:54:10 | INFO     |   Task values: uniforme [1.8, 15.0]
2025-12-05 22:54:10 | INFO     |   User costs: uniforme [0.45, 0.7] €/km
2025-12-05 22:54:10 | INFO     |   URBAN_CORRECTION_FACTOR: 1.30
2025-12-05 22:54:10 | INFO     |   Cost model: star routing
2025-12-05 22:54:10 | INFO     | Configurazione validata
2025-12-05 22:54:10 | INFO     | Seed RNG: 42
2025-12-05 22:54:10 | INFO     | Caricamento DataManager da: /Users/salvatorevigano/Documents/MCS_Thesis/dati/taxi_february.txt
2025-12-05 22:54:10 | INFO     | Path output ETL: /Users/salvatorevigano/Documents/MCS_Thesis/dataset_processato_condiviso
2025-12-05 22:54:10 | INFO     | Partizioni CSV esistenti in: /Users/salvatorevigano/Documents/MCS_Thesis/dataset_processato_condiviso/csv_partitions
2025-12-05 22:54:10 | INFO     | Trovate 720 partizioni, skip parsing
2025-12-05 22:54:10 | INFO     | ScientificPlotter configurato: DPI=300
2025-12-05 22:54:10 | INFO     | Ore da simulare: 12 (8-19)
2025-12-05 22:54:10 | INFO     | [2014-02-01 H08] Inizio simulazione oraria
2025-12-05 22:54:10 | DEBUG    | [2014-02-01 H08] Task generati: 475
2025-12-05 22:54:10 | DEBUG    | [2014-02-01 H08] Distribuzione task: min=1.81, max=14.99, mean=8.42, median=8.46
2025-12-05 22:54:10 | DEBUG    | [2014-02-01 H08] Utenti selezionati: 53
2025-12-05 22:54:10 | DEBUG    | [2014-02-01 H08] Task assignment: utenti con task 53/53, task/user: min=10, max=154, mean=112.8
2025-12-05 22:54:10 | DEBUG    | [2014-02-01 H08] Distribuzione bid: min=20.51, max=688.14, mean=419.89
2025-12-05 22:54:11 | DEBUG    | [2014-02-01 H08] IMCU completato: 7 vincitori su 53 partecipanti
2025-12-05 22:54:11 | INFO     | [2014-02-01 H08] Proprietà: IR=True, Profit=True, Monot=True, Crit=True, Truth=True, SubmViol=0
2025-12-05 22:54:11 | INFO     | [2014-02-01 H09] Inizio simulazione oraria
2025-12-05 22:54:11 | DEBUG    | [2014-02-01 H09] Task generati: 406
2025-12-05 22:54:11 | DEBUG    | [2014-02-01 H09] Distribuzione task: min=1.84, max=14.99, mean=8.69, median=8.94
2025-12-05 22:54:11 | DEBUG    | [2014-02-01 H09] Utenti selezionati: 54
2025-12-05 22:54:11 | DEBUG    | [2014-02-01 H09] Task assignment: utenti con task 54/54, task/user: min=5, max=151, mean=115.7
2025-12-05 22:54:11 | DEBUG    | [2014-02-01 H09] Distribuzione bid: min=5.80, max=667.09, mean=440.05
2025-12-05 22:54:12 | DEBUG    | [2014-02-01 H09] IMCU completato: 6 vincitori su 54 partecipanti
2025-12-05 22:54:12 | INFO     | [2014-02-01 H09] Proprietà: IR=True, Profit=True, Monot=True, Crit=True, Truth=True, SubmViol=0
2025-12-05 22:54:12 | INFO     | [2014-02-01 H10] Inizio simulazione oraria
2025-12-05 22:54:12 | DEBUG    | [2014-02-01 H10] Task generati: 395
2025-12-05 22:54:12 | DEBUG    | [2014-02-01 H10] Distribuzione task: min=1.84, max=14.93, mean=8.20, median=8.09
2025-12-05 22:54:12 | DEBUG    | [2014-02-01 H10] Utenti selezionati: 54
2025-12-05 22:54:12 | DEBUG    | [2014-02-01 H10] Task assignment: utenti con task 54/54, task/user: min=10, max=156, mean=114.9
2025-12-05 22:54:12 | DEBUG    | [2014-02-01 H10] Distribuzione bid: min=31.73, max=630.31, mean=416.84
2025-12-05 22:54:13 | DEBUG    | [2014-02-01 H10] IMCU completato: 6 vincitori su 54 partecipanti
2025-12-05 22:54:13 | INFO     | [2014-02-01 H10] Proprietà: IR=True, Profit=True, Monot=True, Crit=True, Truth=True, SubmViol=0
2025-12-05 22:54:13 | INFO     | [2014-02-01 H11] Inizio simulazione oraria
2025-12-05 22:54:13 | DEBUG    | [2014-02-01 H11] Task generati: 391
2025-12-05 22:54:13 | DEBUG    | [2014-02-01 H11] Distribuzione task: min=1.87, max=14.99, mean=8.68, median=8.84
2025-12-05 22:54:13 | DEBUG    | [2014-02-01 H11] Utenti selezionati: 54
2025-12-05 22:54:13 | DEBUG    | [2014-02-01 H11] Task assignment: utenti con task 54/54, task/user: min=10, max=161, mean=129.0
2025-12-05 22:54:13 | DEBUG    | [2014-02-01 H11] Distribuzione bid: min=24.20, max=702.87, mean=485.58
2025-12-05 22:54:14 | DEBUG    | [2014-02-01 H11] IMCU completato: 6 vincitori su 54 partecipanti
2025-12-05 22:54:14 | INFO     | [2014-02-01 H11] Proprietà: IR=True, Profit=True, Monot=True, Crit=True, Truth=True, SubmViol=0
2025-12-05 22:54:14 | INFO     | [2014-02-01 H12] Inizio simulazione oraria
2025-12-05 22:54:14 | DEBUG    | [2014-02-01 H12] Task generati: 463
2025-12-05 22:54:14 | DEBUG    | [2014-02-01 H12] Distribuzione task: min=1.85, max=14.99, mean=8.44, median=8.47
2025-12-05 22:54:14 | DEBUG    | [2014-02-01 H12] Utenti selezionati: 54
2025-12-05 22:54:14 | DEBUG    | [2014-02-01 H12] Task assignment: utenti con task 54/54, task/user: min=10, max=171, mean=111.7
2025-12-05 22:54:14 | DEBUG    | [2014-02-01 H12] Distribuzione bid: min=24.19, max=740.21, mean=408.83
2025-12-05 22:54:16 | DEBUG    | [2014-02-01 H12] IMCU completato: 7 vincitori su 54 partecipanti
2025-12-05 22:54:16 | INFO     | [2014-02-01 H12] Proprietà: IR=True, Profit=True, Monot=True, Crit=True, Truth=True, SubmViol=0
2025-12-05 22:54:16 | INFO     | [2014-02-01 H13] Inizio simulazione oraria
2025-12-05 22:54:16 | DEBUG    | [2014-02-01 H13] Task generati: 735
2025-12-05 22:54:16 | DEBUG    | [2014-02-01 H13] Distribuzione task: min=1.81, max=15.00, mean=8.36, median=8.33
2025-12-05 22:54:16 | DEBUG    | [2014-02-01 H13] Utenti selezionati: 76
2025-12-05 22:54:16 | DEBUG    | [2014-02-01 H13] Task assignment: utenti con task 76/76, task/user: min=4, max=178, mean=130.0
2025-12-05 22:54:16 | DEBUG    | [2014-02-01 H13] Distribuzione bid: min=1.99, max=769.25, mean=500.11
2025-12-05 22:54:21 | DEBUG    | [2014-02-01 H13] IMCU completato: 10 vincitori su 76 partecipanti
2025-12-05 22:54:21 | INFO     | [2014-02-01 H13] Proprietà: IR=True, Profit=True, Monot=True, Crit=True, Truth=True, SubmViol=0
2025-12-05 22:54:21 | INFO     | [2014-02-01 H14] Inizio simulazione oraria
2025-12-05 22:54:21 | DEBUG    | [2014-02-01 H14] Task generati: 537
2025-12-05 22:54:21 | DEBUG    | [2014-02-01 H14] Distribuzione task: min=1.80, max=14.97, mean=8.48, median=8.58
2025-12-05 22:54:21 | DEBUG    | [2014-02-01 H14] Utenti selezionati: 75
2025-12-05 22:54:21 | DEBUG    | [2014-02-01 H14] Task assignment: utenti con task 75/75, task/user: min=4, max=174, mean=122.9
2025-12-05 22:54:21 | DEBUG    | [2014-02-01 H14] Distribuzione bid: min=15.98, max=778.65, mean=472.39
2025-12-05 22:54:25 | DEBUG    | [2014-02-01 H14] IMCU completato: 9 vincitori su 75 partecipanti
2025-12-05 22:54:25 | INFO     | [2014-02-01 H14] Proprietà: IR=True, Profit=True, Monot=True, Crit=True, Truth=True, SubmViol=0
2025-12-05 22:54:25 | INFO     | [2014-02-01 H15] Inizio simulazione oraria
2025-12-05 22:54:25 | DEBUG    | [2014-02-01 H15] Task generati: 460
2025-12-05 22:54:25 | DEBUG    | [2014-02-01 H15] Distribuzione task: min=1.80, max=14.98, mean=8.21, median=8.23
2025-12-05 22:54:25 | DEBUG    | [2014-02-01 H15] Utenti selezionati: 61
2025-12-05 22:54:25 | DEBUG    | [2014-02-01 H15] Task assignment: utenti con task 61/61, task/user: min=11, max=150, mean=100.0
2025-12-05 22:54:25 | DEBUG    | [2014-02-01 H15] Distribuzione bid: min=24.10, max=666.16, mean=369.71
2025-12-05 22:54:26 | DEBUG    | [2014-02-01 H15] IMCU completato: 7 vincitori su 61 partecipanti
2025-12-05 22:54:26 | INFO     | [2014-02-01 H15] Proprietà: IR=True, Profit=True, Monot=True, Crit=True, Truth=True, SubmViol=0
2025-12-05 22:54:26 | INFO     | [2014-02-01 H16] Inizio simulazione oraria
2025-12-05 22:54:26 | DEBUG    | [2014-02-01 H16] Task generati: 584
2025-12-05 22:54:26 | DEBUG    | [2014-02-01 H16] Distribuzione task: min=1.80, max=14.98, mean=8.22, median=8.06
2025-12-05 22:54:26 | DEBUG    | [2014-02-01 H16] Utenti selezionati: 64
2025-12-05 22:54:27 | DEBUG    | [2014-02-01 H16] Task assignment: utenti con task 64/64, task/user: min=11, max=158, mean=125.4
2025-12-05 22:54:27 | DEBUG    | [2014-02-01 H16] Distribuzione bid: min=27.36, max=669.19, mean=459.63
2025-12-05 22:54:29 | DEBUG    | [2014-02-01 H16] IMCU completato: 8 vincitori su 64 partecipanti
2025-12-05 22:54:29 | INFO     | [2014-02-01 H16] Proprietà: IR=True, Profit=True, Monot=True, Crit=True, Truth=True, SubmViol=0
2025-12-05 22:54:29 | INFO     | [2014-02-01 H17] Inizio simulazione oraria
2025-12-05 22:54:29 | DEBUG    | [2014-02-01 H17] Task generati: 395
2025-12-05 22:54:29 | DEBUG    | [2014-02-01 H17] Distribuzione task: min=1.80, max=14.99, mean=8.45, median=8.40
2025-12-05 22:54:29 | DEBUG    | [2014-02-01 H17] Utenti selezionati: 68
2025-12-05 22:54:29 | DEBUG    | [2014-02-01 H17] Task assignment: utenti con task 68/68, task/user: min=9, max=156, mean=120.6
2025-12-05 22:54:29 | DEBUG    | [2014-02-01 H17] Distribuzione bid: min=34.14, max=683.10, mean=461.10
2025-12-05 22:54:31 | DEBUG    | [2014-02-01 H17] IMCU completato: 7 vincitori su 68 partecipanti
2025-12-05 22:54:31 | INFO     | [2014-02-01 H17] Proprietà: IR=True, Profit=True, Monot=True, Crit=True, Truth=True, SubmViol=0
2025-12-05 22:54:31 | INFO     | [2014-02-01 H18] Inizio simulazione oraria
2025-12-05 22:54:31 | DEBUG    | [2014-02-01 H18] Task generati: 388
2025-12-05 22:54:31 | DEBUG    | [2014-02-01 H18] Distribuzione task: min=1.84, max=14.95, mean=8.49, median=8.73
2025-12-05 22:54:31 | DEBUG    | [2014-02-01 H18] Utenti selezionati: 69
2025-12-05 22:54:31 | DEBUG    | [2014-02-01 H18] Task assignment: utenti con task 69/69, task/user: min=10, max=173, mean=132.7
2025-12-05 22:54:31 | DEBUG    | [2014-02-01 H18] Distribuzione bid: min=23.33, max=755.38, mean=487.39
2025-12-05 22:54:32 | DEBUG    | [2014-02-01 H18] IMCU completato: 5 vincitori su 69 partecipanti
2025-12-05 22:54:32 | INFO     | [2014-02-01 H18] Proprietà: IR=True, Profit=True, Monot=True, Crit=True, Truth=True, SubmViol=0
2025-12-05 22:54:32 | INFO     | [2014-02-01 H19] Inizio simulazione oraria
2025-12-05 22:54:32 | DEBUG    | [2014-02-01 H19] Task generati: 330
2025-12-05 22:54:32 | DEBUG    | [2014-02-01 H19] Distribuzione task: min=1.83, max=14.98, mean=8.18, median=8.11
2025-12-05 22:54:32 | DEBUG    | [2014-02-01 H19] Utenti selezionati: 72
2025-12-05 22:54:32 | DEBUG    | [2014-02-01 H19] Task assignment: utenti con task 72/72, task/user: min=10, max=166, mean=123.3
2025-12-05 22:54:32 | DEBUG    | [2014-02-01 H19] Distribuzione bid: min=20.79, max=720.97, mean=461.62
2025-12-05 22:54:33 | DEBUG    | [2014-02-01 H19] IMCU completato: 6 vincitori su 72 partecipanti
2025-12-05 22:54:33 | INFO     | [2014-02-01 H19] Proprietà: IR=True, Profit=True, Monot=True, Crit=True, Truth=True, SubmViol=0
2025-12-05 22:54:33 | INFO     | Generazione aggregati giornalieri
2025-12-05 22:54:34 | DEBUG    | Visualizzazioni giornaliere generate
2025-12-05 22:54:34 | INFO     | Summary report salvato: /Users/salvatorevigano/Documents/MCS_Thesis/Fase_1/experiments_radius_4000/day_2014-02-01/2014-02-01_SUMMARY_REPORT.txt
2025-12-05 22:54:35 | INFO     | ================================================================================
2025-12-05 22:54:35 | INFO     | Esperimento completato: durata 24.2s
2025-12-05 22:54:35 | INFO     | Output: /Users/salvatorevigano/Documents/MCS_Thesis/Fase_1/experiments_radius_4000/day_2014-02-01
2025-12-05 22:54:35 | INFO     | ================================================================================
